Treatment: ('full', 3767)
[(1, 3), (0, 2), (3, 3), (2, 1), (1, 4), (2, 1), (3, 3), (1, 3), (0, 1), (2, 3), (0, 5), (4, 4), (2, 4), (1, 5), (1, 1), (3, 1), (0, 4), (4, 1), (4, 2), (4, 3), (1, 2), (3, 4), (0, 3), (3, 2), (1, 2), (2, 4), (3, 4), (1, 1), (2, 5), (4, 4), (3, 2), (2, 2), (0, 1), (4, 2), (3, 1), (3, 1), (2, 2), (1, 4), (4, 3), (0, 3)]
MOVE: 0 1 None 1 None 1
full hints You about all their 1 hints remaining: 7
You has blue 5, green 4, white 1, red 5, yellow 1
MOVE: 1 1 None 0 None 1
You hints full about all their 1 hints remaining: 6
full has red 1, green 2, red 1, green 1, white 3
MOVE: 0 2 0 None None None
full plays red 1 successfully! Board is now green 0, yellow 0, white 0, blue 0, red 1
full now has green 2, red 1, green 1, white 3, yellow 3
MOVE: 1 0 None 0 0 None
You hints full about all their green cards hints remaining: 5
full has green 2, red 1, green 1, white 3, yellow 3
MOVE: 0 2 2 None None None
full plays green 1 successfully! Board is now green 1, yellow 0, white 0, blue 0, red 1
full now has green 2, red 1, white 3, yellow 3, green 2
MOVE: 1 1 None 0 None 2
You hints full about all their 2 hints remaining: 4
full has green 2, red 1, white 3, yellow 3, green 2
MOVE: 0 2 0 None None None
full plays green 2 successfully! Board is now green 2, yellow 0, white 0, blue 0, red 1
full now has red 1, white 3, yellow 3, green 2, blue 3
MOVE: 1 2 2 1 None None
You plays white 1 successfully! Board is now green 2, yellow 0, white 1, blue 0, red 1
You now has blue 5, green 4, red 5, yellow 1, white 1
MOVE: 0 0 None 1 1 None
full hints You about all their yellow cards hints remaining: 3
You has blue 5, green 4, red 5, yellow 1, white 1
MOVE: 1 2 3 1 None None
You plays yellow 1 successfully! Board is now green 2, yellow 1, white 1, blue 0, red 1
You now has blue 5, green 4, red 5, white 1, yellow 4
MOVE: 0 3 4 None None None
full discards blue 3
trash is now blue 3
full now has red 1, white 3, yellow 3, green 2, white 1
MOVE: 1 0 None 0 0 None
You hints full about all their green cards hints remaining: 3
full has red 1, white 3, yellow 3, green 2, white 1
MOVE: 0 3 3 None None None
full discards green 2
trash is now blue 3, green 2
full now has red 1, white 3, yellow 3, white 1, blue 3
MOVE: 1 1 None 0 None 3
You hints full about all their 3 hints remaining: 3
full has red 1, white 3, yellow 3, white 1, blue 3
MOVE: 0 2 4 None None None
full plays blue 3 and fails. Board was green 2, yellow 1, white 1, blue 0, red 1
full now has red 1, white 3, yellow 3, white 1, yellow 3
MOVE: 1 1 None 0 None 1
You hints full about all their 1 hints remaining: 2
full has red 1, white 3, yellow 3, white 1, yellow 3
MOVE: 0 2 0 None None None
full plays red 1 and fails. Board was green 2, yellow 1, white 1, blue 0, red 1
full now has white 3, yellow 3, white 1, yellow 3, green 1
MOVE: 1 0 None 0 2 None
You hints full about all their white cards hints remaining: 1
full has white 3, yellow 3, white 1, yellow 3, green 1
MOVE: 0 3 2 None None None
full discards white 1
trash is now blue 3, green 2, blue 3, red 1, white 1
full now has white 3, yellow 3, yellow 3, green 1, white 3
MOVE: 1 1 None 0 None 3
You hints full about all their 3 hints remaining: 1
full has white 3, yellow 3, yellow 3, green 1, white 3
MOVE: 0 2 2 None None None
full plays yellow 3 and fails. Board was green 2, yellow 1, white 1, blue 0, red 1
full now has white 3, yellow 3, green 1, white 3, green 5
Score 5
