Treatment: ('self', 8604)
[(1, 4), (3, 1), (4, 1), (4, 3), (2, 3), (1, 2), (0, 3), (4, 5), (3, 1), (1, 1), (0, 3), (3, 1), (2, 1), (4, 2), (2, 2), (4, 4), (0, 4), (0, 2), (0, 1), (0, 4), (2, 3), (0, 1), (2, 1), (4, 2), (1, 5), (1, 2), (1, 1), (1, 3), (2, 4), (3, 3), (4, 4), (3, 5), (1, 1), (3, 4), (3, 4), (2, 5), (1, 3), (3, 2), (4, 1), (2, 1)]
MOVE: 0 1 None 1 None 5
self hints You about all their 5 hints remaining: 7
You has green 5, red 3, white 2, green 2, yellow 4
MOVE: 1 1 None 0 None 1
You hints self about all their 1 hints remaining: 6
self has blue 3, red 1, blue 2, white 4, green 1
MOVE: 0 2 1 None None None
self plays red 1 successfully! Board is now green 0, yellow 0, white 0, blue 0, red 1
self now has blue 3, blue 2, white 4, green 1, yellow 4
MOVE: 1 1 None 0 None 4
You hints self about all their 4 hints remaining: 5
self has blue 3, blue 2, white 4, green 1, yellow 4
MOVE: 0 3 3 None None None
self discards green 1
trash is now green 1
self now has blue 3, blue 2, white 4, yellow 4, blue 1
MOVE: 1 1 None 0 None 1
You hints self about all their 1 hints remaining: 5
self has blue 3, blue 2, white 4, yellow 4, blue 1
MOVE: 0 2 4 None None None
self plays blue 1 successfully! Board is now green 0, yellow 0, white 0, blue 1, red 1
self now has blue 3, blue 2, white 4, yellow 4, red 1
MOVE: 1 1 None 0 None 2
You hints self about all their 2 hints remaining: 4
self has blue 3, blue 2, white 4, yellow 4, red 1
MOVE: 0 2 1 None None None
self plays blue 2 successfully! Board is now green 0, yellow 0, white 0, blue 2, red 1
self now has blue 3, white 4, yellow 4, red 1, red 3
MOVE: 1 1 None 0 None 3
You hints self about all their 3 hints remaining: 3
self has blue 3, white 4, yellow 4, red 1, red 3
MOVE: 0 2 0 None None None
self plays blue 3 successfully! Board is now green 0, yellow 0, white 0, blue 3, red 1
self now has white 4, yellow 4, red 1, red 3, white 3
MOVE: 1 3 1 1 None None
You discards red 3
trash is now green 1, red 3
You now has green 5, white 2, green 2, yellow 4, yellow 2
MOVE: 0 0 None 1 0 None
self hints You about all their green cards hints remaining: 3
You has green 5, white 2, green 2, yellow 4, yellow 2
MOVE: 1 2 2 1 None None
You plays green 2 and fails. Board was green 0, yellow 0, white 0, blue 3, red 1
You now has green 5, white 2, yellow 4, yellow 2, green 3
MOVE: 0 1 None 1 None 2
self hints You about all their 2 hints remaining: 2
You has green 5, white 2, yellow 4, yellow 2, green 3
MOVE: 1 3 2 1 None None
You discards yellow 4
trash is now green 1, red 3, green 2, yellow 4
You now has green 5, white 2, yellow 2, green 3, red 5
MOVE: 0 0 None 1 1 None
self hints You about all their yellow cards hints remaining: 2
You has green 5, white 2, yellow 2, green 3, red 5
MOVE: 1 3 4 1 None None
You discards red 5
trash is now green 1, red 3, green 2, yellow 4, red 5
You now has green 5, white 2, yellow 2, green 3, blue 1
MOVE: 0 0 None 1 0 None
self hints You about all their green cards hints remaining: 2
You has green 5, white 2, yellow 2, green 3, blue 1
MOVE: 1 2 3 1 None None
You plays green 3 and fails. Board was green 0, yellow 0, white 0, blue 3, red 1
You now has green 5, white 2, yellow 2, blue 1, yellow 1
MOVE: 0 1 None 1 None 1
self hints You about all their 1 hints remaining: 1
You has green 5, white 2, yellow 2, blue 1, yellow 1
MOVE: 1 2 3 1 None None
You plays blue 1 and fails. Board was green 0, yellow 0, white 0, blue 3, red 1
You now has green 5, white 2, yellow 2, yellow 1, green 3
Score 4
